<?xml version="1.0" encoding="UTF-8"?>
<!-- Generated by org.testng.reporters.JUnitReportReporter -->
<testsuite hostname="LAPTOP-R4KD4R46" failures="0" tests="1" name="testScript1.CreateOrgWithoutShippingAddress" time="61.257" errors="0" timestamp="2021-10-13T16:14:48 IST" skipped="0">
  <testcase classname="testScript1.CreateOrgWithoutShippingAddress" name="createOrgWithoutShippingAddress" time="61.257"/>
  <system-out/>
</testsuite> <!-- testScript1.CreateOrgWithoutShippingAddress -->
