<?xml version="1.0" encoding="UTF-8"?>
<!-- Generated by org.testng.reporters.JUnitReportReporter -->
<testsuite hostname="LAPTOP-R4KD4R46" failures="0" tests="1" name="testScript1.CreateOrganisation" time="23.424" errors="0" timestamp="2021-10-13T16:14:48 IST" skipped="0">
  <testcase classname="testScript1.CreateOrganisation" name="TC_16" time="23.424"/>
  <system-out/>
</testsuite> <!-- testScript1.CreateOrganisation -->
