<?xml version="1.0" encoding="UTF-8"?>
<!-- Generated by org.testng.reporters.JUnitReportReporter -->
<testsuite hostname="LAPTOP-R4KD4R46" failures="0" tests="1" name="com.practice.Pom.DemoqaXpath" time="11.889" errors="0" timestamp="2021-10-12T10:55:57 IST" skipped="0">
  <testcase classname="com.practice.Pom.DemoqaXpath" name="demoqaXpath" time="11.889"/>
  <system-out/>
</testsuite> <!-- com.practice.Pom.DemoqaXpath -->
