<?xml version="1.0" encoding="UTF-8"?>
<!-- Generated by org.testng.reporters.JUnitReportReporter -->
<testsuite hostname="LAPTOP-R4KD4R46" failures="0" tests="1" name="testScript.TC_17CreateOrganisationCopyBillingAddressEnabledOrNot" time="29.543" errors="0" timestamp="2021-10-01T10:30:55 IST" skipped="0">
  <testcase classname="testScript.TC_17CreateOrganisationCopyBillingAddressEnabledOrNot" name="CreateOrganisationCopyBillingAddressEnabledOrNot" time="29.543"/>
  <system-out/>
</testsuite> <!-- testScript.TC_17CreateOrganisationCopyBillingAddressEnabledOrNot -->
