<?xml version="1.0" encoding="UTF-8"?>
<!-- Generated by org.testng.reporters.JUnitReportReporter -->
<testsuite hostname="LAPTOP-R4KD4R46" failures="0" tests="1" name="testScript1.CreateOrgWithBillingAddress" time="28.806" errors="0" timestamp="2021-10-13T16:14:48 IST" skipped="0">
  <testcase classname="testScript1.CreateOrgWithBillingAddress" name="createOrgWithBillingAddress" time="28.806"/>
  <system-out/>
</testsuite> <!-- testScript1.CreateOrgWithBillingAddress -->
