<?xml version="1.0" encoding="UTF-8"?>
<!-- Generated by org.testng.reporters.JUnitReportReporter -->
<testsuite hostname="LAPTOP-R4KD4R46" failures="0" tests="1" name="testScript.TC_18CreateOrganisationWithShippingAddress" time="38.155" errors="0" timestamp="2021-10-02T15:03:39 IST" skipped="0">
  <testcase classname="testScript.TC_18CreateOrganisationWithShippingAddress" name="createOrganisationWithShippingAddress" time="38.155"/>
  <system-out/>
</testsuite> <!-- testScript.TC_18CreateOrganisationWithShippingAddress -->
