<?xml version="1.0" encoding="UTF-8"?>
<!-- Generated by org.testng.reporters.JUnitReportReporter -->
<testsuite hostname="LAPTOP-R4KD4R46" failures="0" tests="1" name="testScript.TC_20CreateOrganisationWithBillingAddress" time="34.092" errors="0" timestamp="2021-10-02T15:05:33 IST" skipped="0">
  <testcase classname="testScript.TC_20CreateOrganisationWithBillingAddress" name="createOrganisationWithBillingAddress" time="34.092"/>
  <system-out/>
</testsuite> <!-- testScript.TC_20CreateOrganisationWithBillingAddress -->
